This is pdfTeX, Version 3.1415926-2.5-1.40.14 (TeX Live 2013/Debian) (format=pdflatex 2014.8.27)  21 JAN 2015 11:04
entering extended mode
 restricted \write18 enabled.
 %&-line parsing enabled.
**520Notes.tex
(./520Notes.tex
LaTeX2e <2011/06/27>
Babel <3.9h> and hyphenation patterns for 2 languages loaded.
(/usr/share/texlive/texmf-dist/tex/latex/base/article.cls
Document Class: article 2007/10/19 v1.4h Standard LaTeX document class
(/usr/share/texlive/texmf-dist/tex/latex/base/size10.clo
File: size10.clo 2007/10/19 v1.4h Standard LaTeX file (size option)
)
\c@part=\count79
\c@section=\count80
\c@subsection=\count81
\c@subsubsection=\count82
\c@paragraph=\count83
\c@subparagraph=\count84
\c@figure=\count85
\c@table=\count86
\abovecaptionskip=\skip41
\belowcaptionskip=\skip42
\bibindent=\dimen102
)
(/usr/share/texlive/texmf-dist/tex/latex/amsmath/amsmath.sty
Package: amsmath 2013/01/14 v2.14 AMS math features
\@mathmargin=\skip43

For additional information on amsmath, use the `?' option.
(/usr/share/texlive/texmf-dist/tex/latex/amsmath/amstext.sty
Package: amstext 2000/06/29 v2.01

(/usr/share/texlive/texmf-dist/tex/latex/amsmath/amsgen.sty
File: amsgen.sty 1999/11/30 v2.0
\@emptytoks=\toks14
\ex@=\dimen103
))
(/usr/share/texlive/texmf-dist/tex/latex/amsmath/amsbsy.sty
Package: amsbsy 1999/11/29 v1.2d
\pmbraise@=\dimen104
)
(/usr/share/texlive/texmf-dist/tex/latex/amsmath/amsopn.sty
Package: amsopn 1999/12/14 v2.01 operator names
)
\inf@bad=\count87
LaTeX Info: Redefining \frac on input line 210.
\uproot@=\count88
\leftroot@=\count89
LaTeX Info: Redefining \overline on input line 306.
\classnum@=\count90
\DOTSCASE@=\count91
LaTeX Info: Redefining \ldots on input line 378.
LaTeX Info: Redefining \dots on input line 381.
LaTeX Info: Redefining \cdots on input line 466.
\Mathstrutbox@=\box26
\strutbox@=\box27
\big@size=\dimen105
LaTeX Font Info:    Redeclaring font encoding OML on input line 566.
LaTeX Font Info:    Redeclaring font encoding OMS on input line 567.
\macc@depth=\count92
\c@MaxMatrixCols=\count93
\dotsspace@=\muskip10
\c@parentequation=\count94
\dspbrk@lvl=\count95
\tag@help=\toks15
\row@=\count96
\column@=\count97
\maxfields@=\count98
\andhelp@=\toks16
\eqnshift@=\dimen106
\alignsep@=\dimen107
\tagshift@=\dimen108
\tagwidth@=\dimen109
\totwidth@=\dimen110
\lineht@=\dimen111
\@envbody=\toks17
\multlinegap=\skip44
\multlinetaggap=\skip45
\mathdisplay@stack=\toks18
LaTeX Info: Redefining \[ on input line 2665.
LaTeX Info: Redefining \] on input line 2666.
)
(/usr/share/texlive/texmf-dist/tex/latex/amsfonts/amssymb.sty
Package: amssymb 2013/01/14 v3.01 AMS font symbols

(/usr/share/texlive/texmf-dist/tex/latex/amsfonts/amsfonts.sty
Package: amsfonts 2013/01/14 v3.01 Basic AMSFonts support
\symAMSa=\mathgroup4
\symAMSb=\mathgroup5
LaTeX Font Info:    Overwriting math alphabet `\mathfrak' in version `bold'
(Font)                  U/euf/m/n --> U/euf/b/n on input line 106.
))
(/usr/share/texlive/texmf-dist/tex/latex/mh/mathtools.sty
Package: mathtools 2013/02/12 v1.13 mathematical typesetting tools

(/usr/share/texlive/texmf-dist/tex/latex/graphics/keyval.sty
Package: keyval 1999/03/16 v1.13 key=value parser (DPC)
\KV@toks@=\toks19
)
(/usr/share/texlive/texmf-dist/tex/latex/tools/calc.sty
Package: calc 2007/08/22 v4.3 Infix arithmetic (KKT,FJ)
\calc@Acount=\count99
\calc@Bcount=\count100
\calc@Adimen=\dimen112
\calc@Bdimen=\dimen113
\calc@Askip=\skip46
\calc@Bskip=\skip47
LaTeX Info: Redefining \setlength on input line 76.
LaTeX Info: Redefining \addtolength on input line 77.
\calc@Ccount=\count101
\calc@Cskip=\skip48
)
(/usr/share/texlive/texmf-dist/tex/latex/mh/mhsetup.sty
Package: mhsetup 2010/01/21 v1.2a programming setup (MH)
)
LaTeX Info: Thecontrolsequence`\['isalreadyrobust on input line 129.
LaTeX Info: Thecontrolsequence`\]'isalreadyrobust on input line 129.
\g_MT_multlinerow_int=\count102
\l_MT_multwidth_dim=\dimen114
\origjot=\skip49
\l_MT_shortvdotswithinadjustabove_dim=\dimen115
\l_MT_shortvdotswithinadjustbelow_dim=\dimen116
\l_MT_above_intertext_sep=\dimen117
\l_MT_below_intertext_sep=\dimen118
\l_MT_above_shortintertext_sep=\dimen119
\l_MT_below_shortintertext_sep=\dimen120
)
(/usr/share/texlive/texmf-dist/tex/latex/preprint/fullpage.sty
Package: fullpage 1999/02/23 1.1 (PWD)
\FP@margin=\skip50
)
(/usr/share/texlive/texmf-dist/tex/latex/tools/enumerate.sty
Package: enumerate 1999/03/05 v3.00 enumerate extensions (DPC)
\@enLab=\toks20
)
(/usr/share/texlive/texmf-dist/tex/latex/graphics/graphicx.sty
Package: graphicx 1999/02/16 v1.0f Enhanced LaTeX Graphics (DPC,SPQR)

(/usr/share/texlive/texmf-dist/tex/latex/graphics/graphics.sty
Package: graphics 2009/02/05 v1.0o Standard LaTeX Graphics (DPC,SPQR)

(/usr/share/texlive/texmf-dist/tex/latex/graphics/trig.sty
Package: trig 1999/03/16 v1.09 sin cos tan (DPC)
)
(/usr/share/texlive/texmf-dist/tex/latex/latexconfig/graphics.cfg
File: graphics.cfg 2010/04/23 v1.9 graphics configuration of TeX Live
)
Package graphics Info: Driver file: pdftex.def on input line 91.

(/usr/share/texlive/texmf-dist/tex/latex/pdftex-def/pdftex.def
File: pdftex.def 2011/05/27 v0.06d Graphics/color for pdfTeX

(/usr/share/texlive/texmf-dist/tex/generic/oberdiek/infwarerr.sty
Package: infwarerr 2010/04/08 v1.3 Providing info/warning/error messages (HO)
)
(/usr/share/texlive/texmf-dist/tex/generic/oberdiek/ltxcmds.sty
Package: ltxcmds 2011/11/09 v1.22 LaTeX kernel commands for general use (HO)
)
\Gread@gobject=\count103
))
\Gin@req@height=\dimen121
\Gin@req@width=\dimen122
)
(./520Notes.aux)
\openout1 = `520Notes.aux'.

LaTeX Font Info:    Checking defaults for OML/cmm/m/it on input line 16.
LaTeX Font Info:    ... okay on input line 16.
LaTeX Font Info:    Checking defaults for T1/cmr/m/n on input line 16.
LaTeX Font Info:    ... okay on input line 16.
LaTeX Font Info:    Checking defaults for OT1/cmr/m/n on input line 16.
LaTeX Font Info:    ... okay on input line 16.
LaTeX Font Info:    Checking defaults for OMS/cmsy/m/n on input line 16.
LaTeX Font Info:    ... okay on input line 16.
LaTeX Font Info:    Checking defaults for OMX/cmex/m/n on input line 16.
LaTeX Font Info:    ... okay on input line 16.
LaTeX Font Info:    Checking defaults for U/cmr/m/n on input line 16.
LaTeX Font Info:    ... okay on input line 16.
 (/usr/share/texlive/texmf-dist/tex/context/base/supp-pdf.mkii
[Loading MPS to PDF converter (version 2006.09.02).]
\scratchcounter=\count104
\scratchdimen=\dimen123
\scratchbox=\box28
\nofMPsegments=\count105
\nofMParguments=\count106
\everyMPshowfont=\toks21
\MPscratchCnt=\count107
\MPscratchDim=\dimen124
\MPnumerator=\count108
\makeMPintoPDFobject=\count109
\everyMPtoPDFconversion=\toks22
) (/usr/share/texlive/texmf-dist/tex/generic/oberdiek/pdftexcmds.sty
Package: pdftexcmds 2011/11/29 v0.20 Utility functions of pdfTeX for LuaTeX (HO
)

(/usr/share/texlive/texmf-dist/tex/generic/oberdiek/ifluatex.sty
Package: ifluatex 2010/03/01 v1.3 Provides the ifluatex switch (HO)
Package ifluatex Info: LuaTeX not detected.
)
(/usr/share/texlive/texmf-dist/tex/generic/oberdiek/ifpdf.sty
Package: ifpdf 2011/01/30 v2.3 Provides the ifpdf switch (HO)
Package ifpdf Info: pdfTeX in PDF mode is detected.
)
Package pdftexcmds Info: LuaTeX not detected.
Package pdftexcmds Info: \pdf@primitive is available.
Package pdftexcmds Info: \pdf@ifprimitive is available.
Package pdftexcmds Info: \pdfdraftmode found.
)
(/usr/share/texlive/texmf-dist/tex/latex/oberdiek/epstopdf-base.sty
Package: epstopdf-base 2010/02/09 v2.5 Base part for package epstopdf

(/usr/share/texlive/texmf-dist/tex/latex/oberdiek/grfext.sty
Package: grfext 2010/08/19 v1.1 Manage graphics extensions (HO)

(/usr/share/texlive/texmf-dist/tex/generic/oberdiek/kvdefinekeys.sty
Package: kvdefinekeys 2011/04/07 v1.3 Define keys (HO)
))
(/usr/share/texlive/texmf-dist/tex/latex/oberdiek/kvoptions.sty
Package: kvoptions 2011/06/30 v3.11 Key value format for package options (HO)

(/usr/share/texlive/texmf-dist/tex/generic/oberdiek/kvsetkeys.sty
Package: kvsetkeys 2012/04/25 v1.16 Key value parser (HO)

(/usr/share/texlive/texmf-dist/tex/generic/oberdiek/etexcmds.sty
Package: etexcmds 2011/02/16 v1.5 Avoid name clashes with e-TeX commands (HO)
Package etexcmds Info: Could not find \expanded.
(etexcmds)             That can mean that you are not using pdfTeX 1.50 or
(etexcmds)             that some package has redefined \expanded.
(etexcmds)             In the latter case, load this package earlier.
)))
Package grfext Info: Graphics extension search list:
(grfext)             [.png,.pdf,.jpg,.mps,.jpeg,.jbig2,.jb2,.PNG,.PDF,.JPG,.JPE
G,.JBIG2,.JB2,.eps]
(grfext)             \AppendGraphicsExtensions on input line 452.

(/usr/share/texlive/texmf-dist/tex/latex/latexconfig/epstopdf-sys.cfg
File: epstopdf-sys.cfg 2010/07/13 v1.3 Configuration of (r)epstopdf for TeX Liv
e
))
LaTeX Font Info:    Try loading font information for U+msa on input line 17.

(/usr/share/texlive/texmf-dist/tex/latex/amsfonts/umsa.fd
File: umsa.fd 2013/01/14 v3.01 AMS symbols A
)
LaTeX Font Info:    Try loading font information for U+msb on input line 17.

(/usr/share/texlive/texmf-dist/tex/latex/amsfonts/umsb.fd
File: umsb.fd 2013/01/14 v3.01 AMS symbols B
)
<turingMachine.jpg, id=1, 632.3625pt x 341.275pt>
File: turingMachine.jpg Graphic file (type jpg)
 <use turingMachine.jpg>
Package pdftex.def Info: turingMachine.jpg used on input line 19.
(pdftex.def)             Requested size: 274.6262pt x 148.21387pt.

(./520Notes.toc [1

{/var/lib/texmf/fonts/map/pdftex/updmap/pdftex.map} <./turingMachine.jpg>])
\tf@toc=\write3
\openout3 = `520Notes.toc'.

 [2] <dfaExample.png, id=15, 385.44pt x 116.435pt>
File: dfaExample.png Graphic file (type png)

<use dfaExample.png>
Package pdftex.def Info: dfaExample.png used on input line 28.
(pdftex.def)             Requested size: 216.81pt x 65.49452pt.

Underfull \hbox (badness 10000) in paragraph at lines 31--33

 []


Underfull \hbox (badness 10000) in paragraph at lines 40--46

 []


Underfull \hbox (badness 10000) in paragraph at lines 48--56

 []


Underfull \hbox (badness 10000) in paragraph at lines 48--56

 []


Underfull \hbox (badness 10000) in paragraph at lines 58--66

 []


Underfull \hbox (badness 10000) in paragraph at lines 58--66

 []

[3

 <./dfaExample.png>]
Underfull \hbox (badness 10000) in paragraph at lines 71--76

 []

<nfa.png, id=24, 665.48625pt x 141.52875pt>
File: nfa.png Graphic file (type png)
 <use nfa.png>
Package pdftex.def Info: nfa.png used on input line 84.
(pdftex.def)             Requested size: 216.81pt x 46.10858pt.

Underfull \hbox (badness 10000) in paragraph at lines 101--118

 []


Underfull \hbox (badness 10000) in paragraph at lines 101--118

 []


Underfull \hbox (badness 10000) in paragraph at lines 101--118

 []


Underfull \hbox (badness 10000) in paragraph at lines 101--118

 []


Underfull \hbox (badness 10000) in paragraph at lines 101--118

 []


Underfull \hbox (badness 10000) in paragraph at lines 101--118

 []

[4 <./nfa.png (PNG copy)>]
Underfull \hbox (badness 10000) in paragraph at lines 120--129

 []


Underfull \hbox (badness 10000) in paragraph at lines 120--129

 []

[5]
Underfull \hbox (badness 10000) in paragraph at lines 153--156

 []


Underfull \hbox (badness 10000) in paragraph at lines 169--173

 []


Underfull \hbox (badness 10000) in paragraph at lines 179--185

 []


Underfull \hbox (badness 10000) in paragraph at lines 190--199

 []


Underfull \hbox (badness 10000) in paragraph at lines 190--199

 []


Underfull \hbox (badness 10000) in paragraph at lines 190--199

 []


Underfull \hbox (badness 10000) in paragraph at lines 190--199

 []

[6]
Underfull \hbox (badness 10000) in paragraph at lines 210--221

 []


Underfull \hbox (badness 10000) in paragraph at lines 210--221

 []


Underfull \hbox (badness 10000) in paragraph at lines 210--221

 []


Underfull \hbox (badness 10000) in paragraph at lines 222--230

 []


Underfull \hbox (badness 10000) in paragraph at lines 222--230

 []


Underfull \hbox (badness 10000) in paragraph at lines 222--230

 []

[7]
Underfull \hbox (badness 10000) in paragraph at lines 237--251

 []


Underfull \hbox (badness 10000) in paragraph at lines 237--251

 []

[8]
Underfull \hbox (badness 10000) in paragraph at lines 269--273

 []


Underfull \hbox (badness 10000) in paragraph at lines 287--295

 []

[9

]
Underfull \hbox (badness 10000) in paragraph at lines 324--331

 []

[10]
Underfull \hbox (badness 10000) in paragraph at lines 359--369

 []


Underfull \hbox (badness 10000) in paragraph at lines 359--369

 []


Underfull \hbox (badness 10000) in paragraph at lines 378--382

 []


Underfull \hbox (badness 10000) in paragraph at lines 389--392

 []

[11]
Underfull \hbox (badness 10000) in paragraph at lines 401--405

 []


Underfull \hbox (badness 10000) in paragraph at lines 426--438

 []


Underfull \hbox (badness 10000) in paragraph at lines 426--438

 []


Underfull \hbox (badness 10000) in paragraph at lines 426--438

 []


Underfull \hbox (badness 10000) in paragraph at lines 426--438

 []

[12] [13]
Underfull \hbox (badness 10000) in paragraph at lines 442--447

 []


Underfull \hbox (badness 10000) in paragraph at lines 466--483

 []


Underfull \hbox (badness 10000) in paragraph at lines 466--483

 []


Underfull \hbox (badness 10000) in paragraph at lines 466--483

 []


Underfull \hbox (badness 10000) in paragraph at lines 484--491

 []

[14

]

LaTeX Warning: Command \textvisiblespace invalid in math mode on input line 493
.


LaTeX Warning: Command \textvisiblespace invalid in math mode on input line 493
.


LaTeX Warning: Command \textvisiblespace invalid in math mode on input line 493
.


LaTeX Warning: Command \textvisiblespace invalid in math mode on input line 493
.


Underfull \hbox (badness 10000) in paragraph at lines 497--508

 []


Underfull \hbox (badness 10000) in paragraph at lines 497--508

 []


Underfull \hbox (badness 10000) in paragraph at lines 497--508

 []


Underfull \hbox (badness 10000) in paragraph at lines 515--524

 []


Underfull \hbox (badness 10000) in paragraph at lines 515--524

 []

[15]
Underfull \hbox (badness 10000) in paragraph at lines 533--534

 []


Underfull \hbox (badness 10000) in paragraph at lines 536--541

 []

[16]
Underfull \hbox (badness 10000) in paragraph at lines 552--584

 []


Underfull \hbox (badness 10000) in paragraph at lines 552--584

 []


Underfull \hbox (badness 10000) in paragraph at lines 552--584

 []


Underfull \hbox (badness 10000) in paragraph at lines 552--584

 []


Underfull \hbox (badness 10000) in paragraph at lines 552--584

 []


Underfull \hbox (badness 10000) in paragraph at lines 552--584

 []


Underfull \hbox (badness 10000) in paragraph at lines 552--584

 []


Underfull \hbox (badness 10000) in paragraph at lines 552--584

 []


Underfull \hbox (badness 10000) in paragraph at lines 552--584

 []


Underfull \hbox (badness 10000) in paragraph at lines 585--591

 []

[17

]
Underfull \hbox (badness 10000) in paragraph at lines 596--611

 []


Underfull \hbox (badness 10000) in paragraph at lines 596--611

 []


Underfull \hbox (badness 10000) in paragraph at lines 596--611

 []

[18]
Underfull \hbox (badness 10000) in paragraph at lines 623--637

 []


Underfull \hbox (badness 10000) in paragraph at lines 623--637

 []


Underfull \hbox (badness 10000) in paragraph at lines 642--648

 []


Underfull \hbox (badness 10000) in paragraph at lines 652--668

 []


Underfull \hbox (badness 10000) in paragraph at lines 652--668

 []


Underfull \hbox (badness 10000) in paragraph at lines 652--668

 []


Underfull \hbox (badness 10000) in paragraph at lines 652--668

 []

[19

]
Underfull \hbox (badness 10000) in paragraph at lines 679--690

 []


Underfull \hbox (badness 10000) in paragraph at lines 679--690

 []


LaTeX Warning: Command \textvisiblespace invalid in math mode on input line 691
.


Underfull \hbox (badness 10000) in paragraph at lines 694--697

 []

[20]

LaTeX Warning: Command \textvisiblespace invalid in math mode on input line 702
.


Underfull \hbox (badness 10000) in paragraph at lines 712--715

 []


Underfull \hbox (badness 10000) in paragraph at lines 716--729

 []


Underfull \hbox (badness 10000) in paragraph at lines 716--729

 []


Underfull \hbox (badness 10000) in paragraph at lines 716--729

 []


Underfull \hbox (badness 10000) in paragraph at lines 733--745

 []


Underfull \hbox (badness 10000) in paragraph at lines 733--745

 []


Underfull \hbox (badness 10000) in paragraph at lines 733--745

 []


Underfull \hbox (badness 10000) in paragraph at lines 733--745

 []

[21] [22]
Underfull \hbox (badness 10000) in paragraph at lines 749--766

 []


Underfull \hbox (badness 10000) in paragraph at lines 749--766

 []


Underfull \hbox (badness 10000) in paragraph at lines 749--766

 []


Underfull \hbox (badness 10000) in paragraph at lines 749--766

 []


Underfull \hbox (badness 10000) in paragraph at lines 767--774

 []


Underfull \hbox (badness 10000) in paragraph at lines 767--774

 []


Underfull \hbox (badness 10000) in paragraph at lines 775--795

 []


Underfull \hbox (badness 10000) in paragraph at lines 775--795

 []


Underfull \hbox (badness 10000) in paragraph at lines 775--795

 []


Underfull \hbox (badness 10000) in paragraph at lines 775--795

 []

[23

]
Underfull \hbox (badness 10000) in paragraph at lines 796--813

 []


Underfull \hbox (badness 10000) in paragraph at lines 796--813

 []


Underfull \hbox (badness 10000) in paragraph at lines 796--813

 []

[24]
Underfull \hbox (badness 10000) in paragraph at lines 823--837

 []


Underfull \hbox (badness 10000) in paragraph at lines 823--837

 []


LaTeX Warning: Command \textvisiblespace invalid in math mode on input line 840
.


LaTeX Warning: Command \textvisiblespace invalid in math mode on input line 840
.


Underfull \hbox (badness 10000) in paragraph at lines 846--851

 []


Underfull \hbox (badness 10000) in paragraph at lines 852--860

 []

[25] [26]
Underfull \hbox (badness 10000) in paragraph at lines 874--885

 []


Underfull \hbox (badness 10000) in paragraph at lines 874--885

 []

[27

] (./520Notes.aux) ) 
Here is how much of TeX's memory you used:
 2979 strings out of 495028
 41420 string characters out of 6181497
 105976 words of memory out of 5000000
 6138 multiletter control sequences out of 15000+600000
 11503 words of font info for 45 fonts, out of 8000000 for 9000
 14 hyphenation exceptions out of 8191
 37i,8n,26p,554b,199s stack positions out of 5000i,500n,10000p,200000b,80000s
</usr/share/texlive/texmf-dist/fonts/type1/public/amsfonts/
cm/cmbx10.pfb></usr/share/texlive/texmf-dist/fonts/type1/public/amsfonts/cm/cmb
x12.pfb></usr/share/texlive/texmf-dist/fonts/type1/public/amsfonts/cm/cmex10.pf
b></usr/share/texlive/texmf-dist/fonts/type1/public/amsfonts/cm/cmmi10.pfb></us
r/share/texlive/texmf-dist/fonts/type1/public/amsfonts/cm/cmmi5.pfb></usr/share
/texlive/texmf-dist/fonts/type1/public/amsfonts/cm/cmmi7.pfb></usr/share/texliv
e/texmf-dist/fonts/type1/public/amsfonts/cm/cmr10.pfb></usr/share/texlive/texmf
-dist/fonts/type1/public/amsfonts/cm/cmr12.pfb></usr/share/texlive/texmf-dist/f
onts/type1/public/amsfonts/cm/cmr17.pfb></usr/share/texlive/texmf-dist/fonts/ty
pe1/public/amsfonts/cm/cmr5.pfb></usr/share/texlive/texmf-dist/fonts/type1/publ
ic/amsfonts/cm/cmr7.pfb></usr/share/texlive/texmf-dist/fonts/type1/public/amsfo
nts/cm/cmsy10.pfb></usr/share/texlive/texmf-dist/fonts/type1/public/amsfonts/cm
/cmsy5.pfb></usr/share/texlive/texmf-dist/fonts/type1/public/amsfonts/cm/cmsy7.
pfb></usr/share/texlive/texmf-dist/fonts/type1/public/amsfonts/symbols/msam10.p
fb></usr/share/texlive/texmf-dist/fonts/type1/public/amsfonts/symbols/msbm10.pf
b>
Output written on 520Notes.pdf (27 pages, 859098 bytes).
PDF statistics:
 160 PDF objects out of 1000 (max. 8388607)
 109 compressed objects within 2 object streams
 0 named destinations out of 1000 (max. 500000)
 16 words of extra memory for PDF output out of 10000 (max. 10000000)

